<?xml version="1.0" encoding="UTF-8"?>
<testsuite xmlns:xsi="http://www.w3.org/2001/XMLSchema-instance" xsi:noNamespaceSchemaLocation="https://maven.apache.org/surefire/maven-surefire-plugin/xsd/surefire-test-report-3.0.xsd" version="3.0" name="org.tofu.tofunomics.dao.JobDAOTest" time="0.354" tests="25" errors="0" skipped="0" failures="0">
  <properties>
[...]
</properties>
  <testcase name="testJobWithNullValues" classname="org.tofu.tofunomics.dao.JobDAOTest" time="0.245"/>
  <testcase name="testUpdateJobNonExistent" classname="org.tofu.tofunomics.dao.JobDAOTest" time="0.009"/>
  <testcase name="testUpdateJob" classname="org.tofu.tofunomics.dao.JobDAOTest" time="0.013"/>
  <testcase name="testJobWithExtremeValues" classname="org.tofu.tofunomics.dao.JobDAOTest" time="0.003"/>
  <testcase name="testGetJobById" classname="org.tofu.tofunomics.dao.JobDAOTest" time="0.003"/>
  <testcase name="testGetJobByIdNotExists" classname="org.tofu.tofunomics.dao.JobDAOTest" time="0.002"/>
  <testcase name="testJobWithNegativeBaseIncome" classname="org.tofu.tofunomics.dao.JobDAOTest" time="0.002"/>
  <testcase name="testGetJobByNameNotExists" classname="org.tofu.tofunomics.dao.JobDAOTest" time="0.002"/>
  <testcase name="testDeleteJobNonExistent" classname="org.tofu.tofunomics.dao.JobDAOTest" time="0.002"/>
  <testcase name="testGetAllJobs" classname="org.tofu.tofunomics.dao.JobDAOTest" time="0.004"/>
  <testcase name="testGetJobNames" classname="org.tofu.tofunomics.dao.JobDAOTest" time="0.002"/>
  <testcase name="testJobWithLongNames" classname="org.tofu.tofunomics.dao.JobDAOTest" time="0.002"/>
  <testcase name="testJobExistsSafe" classname="org.tofu.tofunomics.dao.JobDAOTest" time="0.003"/>
  <testcase name="testGetAllJobsEmpty" classname="org.tofu.tofunomics.dao.JobDAOTest" time="0.001"/>
  <testcase name="testDeleteJob" classname="org.tofu.tofunomics.dao.JobDAOTest" time="0.003"/>
  <testcase name="testGetJobByNameSafe" classname="org.tofu.tofunomics.dao.JobDAOTest" time="0.003"/>
  <testcase name="testMapResultSetToJobPrivateMethod" classname="org.tofu.tofunomics.dao.JobDAOTest" time="0.001"/>
  <testcase name="testGetAllJobsSafe" classname="org.tofu.tofunomics.dao.JobDAOTest" time="0.01"/>
  <testcase name="testJobWithZeroMaxLevel" classname="org.tofu.tofunomics.dao.JobDAOTest" time="0.002"/>
  <testcase name="testDuplicateJobCreation" classname="org.tofu.tofunomics.dao.JobDAOTest" time="0.002"/>
  <testcase name="testCreateJob" classname="org.tofu.tofunomics.dao.JobDAOTest" time="0.002"/>
  <testcase name="testJobExists" classname="org.tofu.tofunomics.dao.JobDAOTest" time="0.006"/>
  <testcase name="testGetJobDisplayNames" classname="org.tofu.tofunomics.dao.JobDAOTest" time="0.001"/>
  <testcase name="testGetJobNamesSafe" classname="org.tofu.tofunomics.dao.JobDAOTest" time="0.002"/>
  <testcase name="testGetJobByName" classname="org.tofu.tofunomics.dao.JobDAOTest" time="0.001"/>
</testsuite>