<?xml version="1.0" encoding="UTF-8"?>
<testsuite xmlns:xsi="http://www.w3.org/2001/XMLSchema-instance" xsi:noNamespaceSchemaLocation="https://maven.apache.org/surefire/maven-surefire-plugin/xsd/surefire-test-report-3.0.xsd" version="3.0" name="org.tofu.tofunomics.dao.JobChangeDAOTest" time="0.043" tests="24" errors="0" skipped="0" failures="0">
  <properties>
[...]
</properties>
  <testcase name="testJobChangeWithFutureDate" classname="org.tofu.tofunomics.dao.JobChangeDAOTest" time="0.011"/>
  <testcase name="testDeleteJobChangeNotExists" classname="org.tofu.tofunomics.dao.JobChangeDAOTest" time="0"/>
  <testcase name="testJobChangeWithSpecialCharacters" classname="org.tofu.tofunomics.dao.JobChangeDAOTest" time="0.001"/>
  <testcase name="testInsertJobChange" classname="org.tofu.tofunomics.dao.JobChangeDAOTest" time="0.001"/>
  <testcase name="testCanPlayerChangeJobTodayOldDate" classname="org.tofu.tofunomics.dao.JobChangeDAOTest" time="0.001"/>
  <testcase name="testCanPlayerChangeJobTodayTodayDate" classname="org.tofu.tofunomics.dao.JobChangeDAOTest" time="0"/>
  <testcase name="testJobChangeWithInvalidDate" classname="org.tofu.tofunomics.dao.JobChangeDAOTest" time="0.001"/>
  <testcase name="testRecordJobChangeTodayUpdate" classname="org.tofu.tofunomics.dao.JobChangeDAOTest" time="0"/>
  <testcase name="testJobChangeWithLongUuid" classname="org.tofu.tofunomics.dao.JobChangeDAOTest" time="0.001"/>
  <testcase name="testGetJobChangeByUUID" classname="org.tofu.tofunomics.dao.JobChangeDAOTest" time="0.001"/>
  <testcase name="testMultipleJobChangesForDifferentPlayers" classname="org.tofu.tofunomics.dao.JobChangeDAOTest" time="0.001"/>
  <testcase name="testJobChangeWithNullDate" classname="org.tofu.tofunomics.dao.JobChangeDAOTest" time="0.001"/>
  <testcase name="testUpdateJobChangeNotExists" classname="org.tofu.tofunomics.dao.JobChangeDAOTest" time="0.001"/>
  <testcase name="testInsertJobChangeDuplicate" classname="org.tofu.tofunomics.dao.JobChangeDAOTest" time="0.004">
    <system-err><![CDATA[org.h2.jdbc.JdbcSQLIntegrityConstraintViolationException: ユニークインデックス、またはプライマリキー違反: "PUBLIC.PRIMARY_KEY_8 ON PUBLIC.JOB_CHANGES(UUID) VALUES 1"
Unique index or primary key violation: "PUBLIC.PRIMARY_KEY_8 ON PUBLIC.JOB_CHANGES(UUID) VALUES 1"; SQL statement:
INSERT INTO job_changes (uuid, last_change_date, created_at, updated_at) VALUES (?, ?, CURRENT_TIMESTAMP, CURRENT_TIMESTAMP) [23505-200]
	at org.h2.message.DbException.getJdbcSQLException(DbException.java:459)
	at org.h2.message.DbException.getJdbcSQLException(DbException.java:429)
	at org.h2.message.DbException.get(DbException.java:205)
	at org.h2.message.DbException.get(DbException.java:181)
	at org.h2.index.BaseIndex.getDuplicateKeyException(BaseIndex.java:103)
	at org.h2.mvstore.db.MVSecondaryIndex.checkUnique(MVSecondaryIndex.java:221)
	at org.h2.mvstore.db.MVSecondaryIndex.add(MVSecondaryIndex.java:196)
	at org.h2.mvstore.db.MVTable.addRow(MVTable.java:531)
	at org.h2.command.dml.Insert.insertRows(Insert.java:195)
	at org.h2.command.dml.Insert.update(Insert.java:151)
	at org.h2.command.CommandContainer.update(CommandContainer.java:198)
	at org.h2.command.Command.executeUpdate(Command.java:251)
	at org.h2.jdbc.JdbcPreparedStatement.executeUpdateInternal(JdbcPreparedStatement.java:191)
	at org.h2.jdbc.JdbcPreparedStatement.executeUpdate(JdbcPreparedStatement.java:152)
	at org.tofu.tofunomics.dao.JobChangeDAO.insertJobChange(JobChangeDAO.java:45)
	at org.tofu.tofunomics.dao.JobChangeDAOTest.testInsertJobChangeDuplicate(JobChangeDAOTest.java:121)
	at java.base/jdk.internal.reflect.NativeMethodAccessorImpl.invoke0(Native Method)
	at java.base/jdk.internal.reflect.NativeMethodAccessorImpl.invoke(NativeMethodAccessorImpl.java:77)
	at java.base/jdk.internal.reflect.DelegatingMethodAccessorImpl.invoke(DelegatingMethodAccessorImpl.java:43)
	at java.base/java.lang.reflect.Method.invoke(Method.java:568)
	at org.junit.runners.model.FrameworkMethod$1.runReflectiveCall(FrameworkMethod.java:59)
	at org.junit.internal.runners.model.ReflectiveCallable.run(ReflectiveCallable.java:12)
	at org.junit.runners.model.FrameworkMethod.invokeExplosively(FrameworkMethod.java:56)
	at org.junit.internal.runners.statements.InvokeMethod.evaluate(InvokeMethod.java:17)
	at org.junit.internal.runners.statements.RunBefores.evaluate(RunBefores.java:26)
	at org.junit.internal.runners.statements.RunAfters.evaluate(RunAfters.java:27)
	at org.junit.runners.ParentRunner$3.evaluate(ParentRunner.java:306)
	at org.junit.runners.BlockJUnit4ClassRunner$1.evaluate(BlockJUnit4ClassRunner.java:100)
	at org.junit.runners.ParentRunner.runLeaf(ParentRunner.java:366)
	at org.junit.runners.BlockJUnit4ClassRunner.runChild(BlockJUnit4ClassRunner.java:103)
	at org.junit.runners.BlockJUnit4ClassRunner.runChild(BlockJUnit4ClassRunner.java:63)
	at org.junit.runners.ParentRunner$4.run(ParentRunner.java:331)
	at org.junit.runners.ParentRunner$1.schedule(ParentRunner.java:79)
	at org.junit.runners.ParentRunner.runChildren(ParentRunner.java:329)
	at org.junit.runners.ParentRunner.access$100(ParentRunner.java:66)
	at org.junit.runners.ParentRunner$2.evaluate(ParentRunner.java:293)
	at org.junit.runners.ParentRunner$3.evaluate(ParentRunner.java:306)
	at org.junit.runners.ParentRunner.run(ParentRunner.java:413)
	at org.apache.maven.surefire.junit4.JUnit4Provider.execute(JUnit4Provider.java:377)
	at org.apache.maven.surefire.junit4.JUnit4Provider.executeWithRerun(JUnit4Provider.java:284)
	at org.apache.maven.surefire.junit4.JUnit4Provider.executeTestSet(JUnit4Provider.java:248)
	at org.apache.maven.surefire.junit4.JUnit4Provider.invoke(JUnit4Provider.java:167)
	at org.apache.maven.surefire.booter.ForkedBooter.runSuitesInProcess(ForkedBooter.java:456)
	at org.apache.maven.surefire.booter.ForkedBooter.execute(ForkedBooter.java:169)
	at org.apache.maven.surefire.booter.ForkedBooter.run(ForkedBooter.java:595)
	at org.apache.maven.surefire.booter.ForkedBooter.main(ForkedBooter.java:581)
]]></system-err>
  </testcase>
  <testcase name="testCanPlayerChangeJobTodayNoRecord" classname="org.tofu.tofunomics.dao.JobChangeDAOTest" time="0"/>
  <testcase name="testRecordJobChangeToday" classname="org.tofu.tofunomics.dao.JobChangeDAOTest" time="0.003"/>
  <testcase name="testJobChangeWithVeryOldDate" classname="org.tofu.tofunomics.dao.JobChangeDAOTest" time="0.002"/>
  <testcase name="testJobChangeCompleteWorkflow" classname="org.tofu.tofunomics.dao.JobChangeDAOTest" time="0.004"/>
  <testcase name="testDeleteJobChange" classname="org.tofu.tofunomics.dao.JobChangeDAOTest" time="0.002"/>
  <testcase name="testJobChangeWithEmptyUuid" classname="org.tofu.tofunomics.dao.JobChangeDAOTest" time="0.001"/>
  <testcase name="testUpsertJobChangeInsert" classname="org.tofu.tofunomics.dao.JobChangeDAOTest" time="0.001"/>
  <testcase name="testGetJobChangeByUUIDNotExists" classname="org.tofu.tofunomics.dao.JobChangeDAOTest" time="0.001"/>
  <testcase name="testUpdateJobChange" classname="org.tofu.tofunomics.dao.JobChangeDAOTest" time="0.001"/>
  <testcase name="testUpsertJobChangeUpdate" classname="org.tofu.tofunomics.dao.JobChangeDAOTest" time="0.002"/>
</testsuite>